file 1 org.keycloak.services.clientregistration.policy.impl.TrustedHostClientRegistrationPolicyTest.txt
-------------------------------------------------------------------------------
Test set: org.keycloak.services.clientregistration.policy.impl.TrustedHostClientRegistrationPolicyTest
-------------------------------------------------------------------------------
Tests run: 4, Failures: 0, Errors: 1, Skipped: 0, Time elapsed: 10.116 s <<< FAILURE! - in org.keycloak.services.clientregistration.policy.impl.TrustedHostClientRegistrationPolicyTest
org.keycloak.services.clientregistration.policy.impl.TrustedHostClientRegistrationPolicyTest.testLocalhostDomain  Time elapsed: 0.015 s  <<< ERROR!
org.keycloak.services.clientregistration.policy.ClientRegistrationPolicyException: Host not trusted.
	at org.keycloak.services.clientregistration.policy.impl.TrustedHostClientRegistrationPolicy.verifyHost(TrustedHostClientRegistrationPolicy.java:122)
	at org.keycloak.services.clientregistration.policy.impl.TrustedHostClientRegistrationPolicyTest.testLocalhostDomain(TrustedHostClientRegistrationPolicyTest.java:67)
	at java.base/jdk.internal.reflect.DirectMethodHandleAccessor.invoke(DirectMethodHandleAccessor.java:103)
	at java.base/java.lang.reflect.Method.invoke(Method.java:580)
	at org.junit.runners.model.FrameworkMethod$1.runReflectiveCall(FrameworkMethod.java:59)
	at org.junit.internal.runners.model.ReflectiveCallable.run(ReflectiveCallable.java:12)
	at org.junit.runners.model.FrameworkMethod.invokeExplosively(FrameworkMethod.java:56)
	at org.junit.internal.runners.statements.InvokeMethod.evaluate(InvokeMethod.java:17)
	at org.junit.runners.ParentRunner$3.evaluate(ParentRunner.java:306)
	at org.junit.runners.BlockJUnit4ClassRunner$1.evaluate(BlockJUnit4ClassRunner.java:100)
	at org.junit.runners.ParentRunner.runLeaf(ParentRunner.java:366)
	at org.junit.runners.BlockJUnit4ClassRunner.runChild(BlockJUnit4ClassRunner.java:103)
	at org.junit.runners.BlockJUnit4ClassRunner.runChild(BlockJUnit4ClassRunner.java:63)
	at org.junit.runners.ParentRunner$4.run(ParentRunner.java:331)
	at org.junit.runners.ParentRunner$1.schedule(ParentRunner.java:79)
	at org.junit.runners.ParentRunner.runChildren(ParentRunner.java:329)
	at org.junit.runners.ParentRunner.access$100(ParentRunner.java:66)
	at org.junit.runners.ParentRunner$2.evaluate(ParentRunner.java:293)
	at org.junit.internal.runners.statements.RunBefores.evaluate(RunBefores.java:26)
	at org.junit.runners.ParentRunner$3.evaluate(ParentRunner.java:306)
	at org.junit.runners.ParentRunner.run(ParentRunner.java:413)
	at org.apache.maven.surefire.junit4.JUnit4Provider.execute(JUnit4Provider.java:377)
	at org.apache.maven.surefire.junit4.JUnit4Provider.executeWithRerun(JUnit4Provider.java:284)
	at org.apache.maven.surefire.junit4.JUnit4Provider.executeTestSet(JUnit4Provider.java:248)
	at org.apache.maven.surefire.junit4.JUnit4Provider.invoke(JUnit4Provider.java:167)
	at org.apache.maven.surefire.booter.ForkedBooter.runSuitesInProcess(ForkedBooter.java:456)
	at org.apache.maven.surefire.booter.ForkedBooter.execute(ForkedBooter.java:169)
	at org.apache.maven.surefire.booter.ForkedBooter.run(ForkedBooter.java:595)
	at org.apache.maven.surefire.booter.ForkedBooter.main(ForkedBooter.java:581)




file 2 org.keycloak.theme.ResourceLoaderTest.txt
-------------------------------------------------------------------------------
Test set: org.keycloak.theme.ResourceLoaderTest
-------------------------------------------------------------------------------
Tests run: 2, Failures: 1, Errors: 0, Skipped: 0, Time elapsed: 0.008 s <<< FAILURE! - in org.keycloak.theme.ResourceLoaderTest
org.keycloak.theme.ResourceLoaderTest.testResource  Time elapsed: 0.006 s  <<< FAILURE!
java.lang.AssertionError: expected null, but was:<java.io.BufferedInputStream@2b0454d2>
	at org.junit.Assert.fail(Assert.java:89)
	at org.junit.Assert.failNotNull(Assert.java:756)
	at org.junit.Assert.assertNull(Assert.java:738)
	at org.junit.Assert.assertNull(Assert.java:748)
	at org.keycloak.theme.ResourceLoaderTest.assertResourceAsStream(ResourceLoaderTest.java:58)
	at org.keycloak.theme.ResourceLoaderTest.testResource(ResourceLoaderTest.java:23)
	at java.base/jdk.internal.reflect.DirectMethodHandleAccessor.invoke(DirectMethodHandleAccessor.java:103)
	at java.base/java.lang.reflect.Method.invoke(Method.java:580)
	at org.junit.runners.model.FrameworkMethod$1.runReflectiveCall(FrameworkMethod.java:59)
	at org.junit.internal.runners.model.ReflectiveCallable.run(ReflectiveCallable.java:12)
	at org.junit.runners.model.FrameworkMethod.invokeExplosively(FrameworkMethod.java:56)
	at org.junit.internal.runners.statements.InvokeMethod.evaluate(InvokeMethod.java:17)
	at org.junit.runners.ParentRunner$3.evaluate(ParentRunner.java:306)
	at org.junit.runners.BlockJUnit4ClassRunner$1.evaluate(BlockJUnit4ClassRunner.java:100)
	at org.junit.runners.ParentRunner.runLeaf(ParentRunner.java:366)
	at org.junit.runners.BlockJUnit4ClassRunner.runChild(BlockJUnit4ClassRunner.java:103)
	at org.junit.runners.BlockJUnit4ClassRunner.runChild(BlockJUnit4ClassRunner.java:63)
	at org.junit.runners.ParentRunner$4.run(ParentRunner.java:331)
	at org.junit.runners.ParentRunner$1.schedule(ParentRunner.java:79)
	at org.junit.runners.ParentRunner.runChildren(ParentRunner.java:329)
	at org.junit.runners.ParentRunner.access$100(ParentRunner.java:66)
	at org.junit.runners.ParentRunner$2.evaluate(ParentRunner.java:293)
	at org.junit.runners.ParentRunner$3.evaluate(ParentRunner.java:306)
	at org.junit.runners.ParentRunner.run(ParentRunner.java:413)
	at org.apache.maven.surefire.junit4.JUnit4Provider.execute(JUnit4Provider.java:377)
	at org.apache.maven.surefire.junit4.JUnit4Provider.executeWithRerun(JUnit4Provider.java:284)
	at org.apache.maven.surefire.junit4.JUnit4Provider.executeTestSet(JUnit4Provider.java:248)
	at org.apache.maven.surefire.junit4.JUnit4Provider.invoke(JUnit4Provider.java:167)
	at org.apache.maven.surefire.booter.ForkedBooter.runSuitesInProcess(ForkedBooter.java:456)
	at org.apache.maven.surefire.booter.ForkedBooter.execute(ForkedBooter.java:169)
	at org.apache.maven.surefire.booter.ForkedBooter.run(ForkedBooter.java:595)
	at org.apache.maven.surefire.booter.ForkedBooter.main(ForkedBooter.java:581)



file 3 org.keycloak.truststore.TruststoreBuilderTest.txt
-------------------------------------------------------------------------------
Test set: org.keycloak.truststore.TruststoreBuilderTest
-------------------------------------------------------------------------------
Tests run: 3, Failures: 0, Errors: 2, Skipped: 0, Time elapsed: 0.001 s <<< FAILURE! - in org.keycloak.truststore.TruststoreBuilderTest
org.keycloak.truststore.TruststoreBuilderTest.testMergedTrustStoreFromDirectory  Time elapsed: 0 s  <<< ERROR!
java.lang.RuntimeException: Failed to initialize truststore, could not merge: D:\zblackcoffer%20project\New%20folder\keycloak\services\target\test-classes\truststores
	at org.keycloak.truststore.TruststoreBuilder.mergePemFile(TruststoreBuilder.java:226)
	at org.keycloak.truststore.TruststoreBuilder.mergeFiles(TruststoreBuilder.java:110)
	at org.keycloak.truststore.TruststoreBuilder.createMergedTruststore(TruststoreBuilder.java:90)
	at org.keycloak.truststore.TruststoreBuilderTest.testMergedTrustStoreFromDirectory(TruststoreBuilderTest.java:60)
	at java.base/jdk.internal.reflect.DirectMethodHandleAccessor.invoke(DirectMethodHandleAccessor.java:103)
	at java.base/java.lang.reflect.Method.invoke(Method.java:580)
	at org.junit.runners.model.FrameworkMethod$1.runReflectiveCall(FrameworkMethod.java:59)
	at org.junit.internal.runners.model.ReflectiveCallable.run(ReflectiveCallable.java:12)
	at org.junit.runners.model.FrameworkMethod.invokeExplosively(FrameworkMethod.java:56)
	at org.junit.internal.runners.statements.InvokeMethod.evaluate(InvokeMethod.java:17)
	at org.junit.runners.ParentRunner$3.evaluate(ParentRunner.java:306)
	at org.junit.runners.BlockJUnit4ClassRunner$1.evaluate(BlockJUnit4ClassRunner.java:100)
	at org.junit.runners.ParentRunner.runLeaf(ParentRunner.java:366)
	at org.junit.runners.BlockJUnit4ClassRunner.runChild(BlockJUnit4ClassRunner.java:103)
	at org.junit.runners.BlockJUnit4ClassRunner.runChild(BlockJUnit4ClassRunner.java:63)
	at org.junit.runners.ParentRunner$4.run(ParentRunner.java:331)
	at org.junit.runners.ParentRunner$1.schedule(ParentRunner.java:79)
	at org.junit.runners.ParentRunner.runChildren(ParentRunner.java:329)
	at org.junit.runners.ParentRunner.access$100(ParentRunner.java:66)
	at org.junit.runners.ParentRunner$2.evaluate(ParentRunner.java:293)
	at org.junit.runners.ParentRunner$3.evaluate(ParentRunner.java:306)
	at org.junit.runners.ParentRunner.run(ParentRunner.java:413)
	at org.apache.maven.surefire.junit4.JUnit4Provider.execute(JUnit4Provider.java:377)
	at org.apache.maven.surefire.junit4.JUnit4Provider.executeWithRerun(JUnit4Provider.java:284)
	at org.apache.maven.surefire.junit4.JUnit4Provider.executeTestSet(JUnit4Provider.java:248)
	at org.apache.maven.surefire.junit4.JUnit4Provider.invoke(JUnit4Provider.java:167)
	at org.apache.maven.surefire.booter.ForkedBooter.runSuitesInProcess(ForkedBooter.java:456)
	at org.apache.maven.surefire.booter.ForkedBooter.execute(ForkedBooter.java:169)
	at org.apache.maven.surefire.booter.ForkedBooter.run(ForkedBooter.java:595)
	at org.apache.maven.surefire.booter.ForkedBooter.main(ForkedBooter.java:581)
Caused by: java.io.FileNotFoundException: D:\zblackcoffer%20project\New%20folder\keycloak\services\target\test-classes\truststores (The system cannot find the path specified)
	at java.base/java.io.FileInputStream.open0(Native Method)
	at java.base/java.io.FileInputStream.open(FileInputStream.java:213)
	at java.base/java.io.FileInputStream.<init>(FileInputStream.java:152)
	at java.base/java.io.FileInputStream.<init>(FileInputStream.java:106)
	at org.keycloak.truststore.TruststoreBuilder.mergePemFile(TruststoreBuilder.java:196)
	... 29 more

org.keycloak.truststore.TruststoreBuilderTest.testMergedTrustStore  Time elapsed: 0 s  <<< ERROR!
java.lang.RuntimeException: Failed to initialize truststore, could not merge: D:\zblackcoffer%20project\New%20folder\keycloak\services\target\test-classes\truststores\keycloak.pem
	at org.keycloak.truststore.TruststoreBuilder.mergePemFile(TruststoreBuilder.java:226)
	at org.keycloak.truststore.TruststoreBuilder.mergeFiles(TruststoreBuilder.java:110)
	at org.keycloak.truststore.TruststoreBuilder.createMergedTruststore(TruststoreBuilder.java:90)
	at org.keycloak.truststore.TruststoreBuilderTest.testMergedTrustStore(TruststoreBuilderTest.java:38)
	at java.base/jdk.internal.reflect.DirectMethodHandleAccessor.invoke(DirectMethodHandleAccessor.java:103)
	at java.base/java.lang.reflect.Method.invoke(Method.java:580)
	at org.junit.runners.model.FrameworkMethod$1.runReflectiveCall(FrameworkMethod.java:59)
	at org.junit.internal.runners.model.ReflectiveCallable.run(ReflectiveCallable.java:12)
	at org.junit.runners.model.FrameworkMethod.invokeExplosively(FrameworkMethod.java:56)
	at org.junit.internal.runners.statements.InvokeMethod.evaluate(InvokeMethod.java:17)
	at org.junit.runners.ParentRunner$3.evaluate(ParentRunner.java:306)
	at org.junit.runners.BlockJUnit4ClassRunner$1.evaluate(BlockJUnit4ClassRunner.java:100)
	at org.junit.runners.ParentRunner.runLeaf(ParentRunner.java:366)
	at org.junit.runners.BlockJUnit4ClassRunner.runChild(BlockJUnit4ClassRunner.java:103)
	at org.junit.runners.BlockJUnit4ClassRunner.runChild(BlockJUnit4ClassRunner.java:63)
	at org.junit.runners.ParentRunner$4.run(ParentRunner.java:331)
	at org.junit.runners.ParentRunner$1.schedule(ParentRunner.java:79)
	at org.junit.runners.ParentRunner.runChildren(ParentRunner.java:329)
	at org.junit.runners.ParentRunner.access$100(ParentRunner.java:66)
	at org.junit.runners.ParentRunner$2.evaluate(ParentRunner.java:293)
	at org.junit.runners.ParentRunner$3.evaluate(ParentRunner.java:306)
	at org.junit.runners.ParentRunner.run(ParentRunner.java:413)
	at org.apache.maven.surefire.junit4.JUnit4Provider.execute(JUnit4Provider.java:377)
	at org.apache.maven.surefire.junit4.JUnit4Provider.executeWithRerun(JUnit4Provider.java:284)
	at org.apache.maven.surefire.junit4.JUnit4Provider.executeTestSet(JUnit4Provider.java:248)
	at org.apache.maven.surefire.junit4.JUnit4Provider.invoke(JUnit4Provider.java:167)
	at org.apache.maven.surefire.booter.ForkedBooter.runSuitesInProcess(ForkedBooter.java:456)
	at org.apache.maven.surefire.booter.ForkedBooter.execute(ForkedBooter.java:169)
	at org.apache.maven.surefire.booter.ForkedBooter.run(ForkedBooter.java:595)
	at org.apache.maven.surefire.booter.ForkedBooter.main(ForkedBooter.java:581)
Caused by: java.io.FileNotFoundException: D:\zblackcoffer%20project\New%20folder\keycloak\services\target\test-classes\truststores\keycloak.pem (The system cannot find the path specified)
	at java.base/java.io.FileInputStream.open0(Native Method)
	at java.base/java.io.FileInputStream.open(FileInputStream.java:213)
	at java.base/java.io.FileInputStream.<init>(FileInputStream.java:152)
	at java.base/java.io.FileInputStream.<init>(FileInputStream.java:106)
	at org.keycloak.truststore.TruststoreBuilder.mergePemFile(TruststoreBuilder.java:196)
	... 29 more



file 4 TEST-org.keycloak.services.clientregistration.policy.impl.TrustedHostClientRegistrationPolicyTest.xml
verybig file so in another bin 
<?xml version="1.0" encoding="UTF-8"?>
<testsuite xmlns:xsi="http://www.w3.org/2001/XMLSchema-instance" xsi:noNamespaceSchemaLocation="https://maven.apache.org/surefire/maven-surefire-plugin/xsd/surefire-test-report-3.0.xsd" version="3.0" name="org.keycloak.services.clientregistration.policy.impl.TrustedHostClientRegistrationPolicyTest" time="10.116" tests="4" errors="1" skipped="0" failures="0">
  <properties>
    <property name="java.specification.version" value="21"/>
    <property name="sun.cpu.isalist" value="amd64"/>
    <property name="sun.jnu.encoding" value="Cp1252"/>
    <property name="user.region" value="US"/>
    <property name="java.class.path" value="D:\zblackcoffer project\New folder\keycloak\services\target\test-classes;D:\zblackcoffer project\New folder\keycloak\services\target\classes;D:\zblackcoffer project\New folder\keycloak\core\target\keycloak-core-999.0.0-SNAPSHOT.jar;C:\Users\harsh\.m2\repository\com\fasterxml\jackson\datatype\jackson-datatype-jsr310\2.17.2\jackson-datatype-jsr310-2.17.2.jar;D:\zblackcoffer project\New folder\keycloak\core\target\keycloak-core-999.0.0-SNAPSHOT-tests.jar;D:\zblackcoffer project\New folder\keycloak\crypto\default\target\keycloak-crypto-default-999.0.0-SNAPSHOT.jar;C:\Users\harsh\.m2\repository\org\bouncycastle\bcprov-jdk18on\1.78.1\bcprov-jdk18on-1.78.1.jar;C:\Users\harsh\.m2\repository\org\bouncycastle\bcpkix-jdk18on\1.78.1\bcpkix-jdk18on-1.78.1.jar;C:\Users\harsh\.m2\repository\org\bouncycastle\bcutil-jdk18on\1.78.1\bcutil-jdk18on-1.78.1.jar;C:\Users\harsh\.m2\repository\org\freemarker\freemarker\2.3.32\freemarker-2.3.32.jar;C:\Users\harsh\.m2\repository\jakarta\mail\jakarta.mail-api\2.1.1\jakarta.mail-api-2.1.1.jar;C:\Users\harsh\.m2\repository\jakarta\activation\jakarta.activation-api\2.1.3\jakarta.activation-api-2.1.3.jar;C:\Users\harsh\.m2\repository\org\eclipse\angus\angus-mail\2.0.1\angus-mail-2.0.1.jar;C:\Users\harsh\.m2\repository\org\eclipse\angus\angus-activation\2.0.2\angus-activation-2.0.2.jar;D:\zblackcoffer project\New folder\keycloak\common\target\keycloak-common-999.0.0-SNAPSHOT.jar;D:\zblackcoffer project\New folder\keycloak\server-spi\target\keycloak-server-spi-999.0.0-SNAPSHOT.jar;D:\zblackcoffer project\New folder\keycloak\server-spi-private\target\keycloak-server-spi-private-999.0.0-SNAPSHOT.jar;C:\Users\harsh\.m2\repository\org\twitter4j\twitter4j-core\4.1.2\twitter4j-core-4.1.2.jar;C:\Users\harsh\.m2\repository\org\jboss\logging\jboss-logging\3.6.0.Final\jboss-logging-3.6.0.Final.jar;C:\Users\harsh\.m2\repository\org\jboss\logging\commons-logging-jboss-logging\1.0.0.Final\commons-logging-jboss-logging-1.0.0.Final.jar;C:\Users\harsh\.m2\repository\org\jboss\logging\jboss-logging-annotations\3.0.1.Final\jboss-logging-annotations-3.0.1.Final.jar;C:\Users\harsh\.m2\repository\org\jboss\logging\jboss-logging-processor\3.0.1.Final\jboss-logging-processor-3.0.1.Final.jar;C:\Users\harsh\.m2\repository\org\jboss\jdeparser\jdeparser\2.0.3.Final\jdeparser-2.0.3.Final.jar;C:\Users\harsh\.m2\repository\org\jboss\resteasy\resteasy-core\6.2.9.Final\resteasy-core-6.2.9.Final.jar;C:\Users\harsh\.m2\repository\jakarta\annotation\jakarta.annotation-api\3.0.0\jakarta.annotation-api-3.0.0.jar;C:\Users\harsh\.m2\repository\jakarta\xml\bind\jakarta.xml.bind-api\4.0.2\jakarta.xml.bind-api-4.0.2.jar;C:\Users\harsh\.m2\repository\io\smallrye\jandex\3.2.2\jandex-3.2.2.jar;C:\Users\harsh\.m2\repository\org\reactivestreams\reactive-streams\1.0.4\reactive-streams-1.0.4.jar;C:\Users\harsh\.m2\repository\jakarta\validation\jakarta.validation-api\3.0.2\jakarta.validation-api-3.0.2.jar;C:\Users\harsh\.m2\repository\com\ibm\async\asyncutil\0.1.0\asyncutil-0.1.0.jar;C:\Users\harsh\.m2\repository\io\quarkus\resteasy\reactive\resteasy-reactive\3.15.1\resteasy-reactive-3.15.1.jar;C:\Users\harsh\.m2\repository\jakarta\enterprise\jakarta.enterprise.cdi-api\4.1.0\jakarta.enterprise.cdi-api-4.1.0.jar;C:\Users\harsh\.m2\repository\jakarta\enterprise\jakarta.enterprise.lang-model\4.1.0\jakarta.enterprise.lang-model-4.1.0.jar;C:\Users\harsh\.m2\repository\jakarta\el\jakarta.el-api\5.0.1\jakarta.el-api-5.0.1.jar;C:\Users\harsh\.m2\repository\jakarta\interceptor\jakarta.interceptor-api\2.2.0\jakarta.interceptor-api-2.2.0.jar;C:\Users\harsh\.m2\repository\jakarta\inject\jakarta.inject-api\2.0.1\jakarta.inject-api-2.0.1.jar;C:\Users\harsh\.m2\repository\io\quarkus\resteasy\reactive\resteasy-reactive-common\3.15.1\resteasy-reactive-common-3.15.1.jar;C:\Users\harsh\.m2\repository\io\quarkus\resteasy\reactive\resteasy-reactive-common-types\3.15.1\resteasy-reactive-common-types-3.15.1.jar;C:\Users\harsh\.m2\repository\io\smallrye\reactive\mutiny\2.6.2\mutiny-2.6.2.jar;C:\Users\harsh\.m2\repository\org\jctools\jctools-core\4.0.5\jctools-core-4.0.5.jar;C:\Users\harsh\.m2\repository\io\smallrye\reactive\mutiny-zero-flow-adapters\1.1.0\mutiny-zero-flow-adapters-1.1.0.jar;C:\Users\harsh\.m2\repository\org\eclipse\parsson\parsson\1.1.7\parsson-1.1.7.jar;C:\Users\harsh\.m2\repository\jakarta\json\jakarta.json-api\2.1.3\jakarta.json-api-2.1.3.jar;C:\Users\harsh\.m2\repository\org\apache\httpcomponents\httpclient\4.5.14\httpclient-4.5.14.jar;C:\Users\harsh\.m2\repository\org\apache\httpcomponents\httpcore\4.4.16\httpcore-4.4.16.jar;C:\Users\harsh\.m2\repository\commons-codec\commons-codec\1.17.1\commons-codec-1.17.1.jar;C:\Users\harsh\.m2\repository\jakarta\ws\rs\jakarta.ws.rs-api\3.1.0\jakarta.ws.rs-api-3.1.0.jar;C:\Users\harsh\.m2\repository\jakarta\transaction\jakarta.transaction-api\2.0.1\jakarta.transaction-api-2.0.1.jar;C:\Users\harsh\.m2\repository\jakarta\xml\soap\jakarta.xml.soap-api\3.0.0\jakarta.xml.soap-api-3.0.0.jar;C:\Users\harsh\.m2\repository\org\jboss\resteasy\resteasy-core-spi\6.2.9.Final\resteasy-core-spi-6.2.9.Final.jar;C:\Users\harsh\.m2\repository\com\googlecode\owasp-java-html-sanitizer\owasp-java-html-sanitizer\20240325.1\owasp-java-html-sanitizer-20240325.1.jar;C:\Users\harsh\.m2\repository\com\googlecode\owasp-java-html-sanitizer\java8-shim\20240325.1\java8-shim-20240325.1.jar;C:\Users\harsh\.m2\repository\com\googlecode\owasp-java-html-sanitizer\java10-shim\20240325.1\java10-shim-20240325.1.jar;C:\Users\harsh\.m2\repository\com\fasterxml\jackson\core\jackson-core\2.17.2\jackson-core-2.17.2.jar;C:\Users\harsh\.m2\repository\com\fasterxml\jackson\core\jackson-databind\2.17.2\jackson-databind-2.17.2.jar;C:\Users\harsh\.m2\repository\com\fasterxml\jackson\core\jackson-annotations\2.17.2\jackson-annotations-2.17.2.jar;C:\Users\harsh\.m2\repository\javax\annotation\javax.annotation-api\1.3.2\javax.annotation-api-1.3.2.jar;C:\Users\harsh\.m2\repository\com\fasterxml\jackson\datatype\jackson-datatype-jdk8\2.17.2\jackson-datatype-jdk8-2.17.2.jar;C:\Users\harsh\.m2\repository\com\fasterxml\woodstox\woodstox-core\6.0.3\woodstox-core-6.0.3.jar;C:\Users\harsh\.m2\repository\org\codehaus\woodstox\stax2-api\4.2\stax2-api-4.2.jar;C:\Users\harsh\.m2\repository\com\google\zxing\javase\3.4.0\javase-3.4.0.jar;C:\Users\harsh\.m2\repository\com\google\zxing\core\3.4.0\core-3.4.0.jar;C:\Users\harsh\.m2\repository\com\github\jai-imageio\jai-imageio-core\1.4.0\jai-imageio-core-1.4.0.jar;D:\zblackcoffer project\New folder\keycloak\saml-core-api\target\keycloak-saml-core-public-999.0.0-SNAPSHOT.jar;C:\Users\harsh\.m2\repository\org\apache\santuario\xmlsec\2.2.6\xmlsec-2.2.6.jar;C:\Users\harsh\.m2\repository\jakarta\xml\ws\jakarta.xml.ws-api\4.0.0\jakarta.xml.ws-api-4.0.0.jar;C:\Users\harsh\.m2\repository\com\sun\xml\messaging\saaj\saaj-impl\2.0.1\saaj-impl-2.0.1.jar;C:\Users\harsh\.m2\repository\org\jvnet\staxex\stax-ex\2.0.1\stax-ex-2.0.1.jar;C:\Users\harsh\.m2\repository\com\sun\activation\jakarta.activation\2.0.1\jakarta.activation-2.0.1.jar;C:\Users\harsh\.m2\repository\com\sun\xml\ws\rt\4.0.0\rt-4.0.0.jar;C:\Users\harsh\.m2\repository\com\sun\xml\ws\policy\4.0.0\policy-4.0.0.jar;C:\Users\harsh\.m2\repository\org\glassfish\jaxb\jaxb-runtime\4.0.5\jaxb-runtime-4.0.5.jar;C:\Users\harsh\.m2\repository\org\glassfish\jaxb\jaxb-core\4.0.5\jaxb-core-4.0.5.jar;C:\Users\harsh\.m2\repository\com\sun\istack\istack-commons-runtime\3.0.10\istack-commons-runtime-3.0.10.jar;C:\Users\harsh\.m2\repository\org\glassfish\external\management-api\3.2.3\management-api-3.2.3.jar;C:\Users\harsh\.m2\repository\org\glassfish\gmbal\gmbal-api-only\4.0.3\gmbal-api-only-4.0.3.jar;C:\Users\harsh\.m2\repository\com\sun\xml\stream\buffer\streambuffer\2.1.0\streambuffer-2.1.0.jar;C:\Users\harsh\.m2\repository\org\jvnet\mimepull\mimepull\1.10.0\mimepull-1.10.0.jar;D:\zblackcoffer project\New folder\keycloak\saml-core\target\keycloak-saml-core-999.0.0-SNAPSHOT.jar;C:\Users\harsh\.m2\repository\commons-io\commons-io\2.16.1\commons-io-2.16.1.jar;C:\Users\harsh\.m2\repository\com\apicatalog\titanium-json-ld\1.3.3\titanium-json-ld-1.3.3.jar;C:\Users\harsh\.m2\repository\io\setl\rdf-urdna\1.1\rdf-urdna-1.1.jar;C:\Users\harsh\.m2\repository\junit\junit\4.13.2\junit-4.13.2.jar;C:\Users\harsh\.m2\repository\org\hamcrest\hamcrest-core\1.3\hamcrest-core-1.3.jar;C:\Users\harsh\.m2\repository\org\hamcrest\hamcrest\2.2\hamcrest-2.2.jar;C:\Users\harsh\.m2\repository\com\icegreen\greenmail\2.1.0-alpha-1\greenmail-2.1.0-alpha-1.jar;C:\Users\harsh\.m2\repository\org\eclipse\angus\jakarta.mail\2.0.1\jakarta.mail-2.0.1.jar;C:\Users\harsh\.m2\repository\com\webauthn4j\webauthn4j-core\0.21.5.RELEASE\webauthn4j-core-0.21.5.RELEASE.jar;C:\Users\harsh\.m2\repository\com\webauthn4j\webauthn4j-util\0.21.5.RELEASE\webauthn4j-util-0.21.5.RELEASE.jar;C:\Users\harsh\.m2\repository\org\slf4j\slf4j-api\2.0.6\slf4j-api-2.0.6.jar;C:\Users\harsh\.m2\repository\org\apache\kerby\kerby-asn1\2.0.3\kerby-asn1-2.0.3.jar;C:\Users\harsh\.m2\repository\com\fasterxml\jackson\dataformat\jackson-dataformat-cbor\2.17.2\jackson-dataformat-cbor-2.17.2.jar;C:\Users\harsh\.m2\repository\org\checkerframework\checker-qual\3.46.0\checker-qual-3.46.0.jar;C:\Users\harsh\.m2\repository\com\github\ua-parser\uap-java\1.5.4\uap-java-1.5.4.jar;C:\Users\harsh\.m2\repository\org\apache\commons\commons-collections4\4.4\commons-collections4-4.4.jar;C:\Users\harsh\.m2\repository\org\eclipse\microprofile\openapi\microprofile-openapi-api\3.1.1\microprofile-openapi-api-3.1.1.jar;C:\Users\harsh\.m2\repository\io\smallrye\common\smallrye-common-annotation\2.6.0\smallrye-common-annotation-2.6.0.jar;D:\zblackcoffer project\New folder\keycloak\model\storage-private\target\keycloak-model-storage-private-999.0.0-SNAPSHOT.jar;D:\zblackcoffer project\New folder\keycloak\model\storage\target\keycloak-model-storage-999.0.0-SNAPSHOT.jar;D:\zblackcoffer project\New folder\keycloak\quarkus\config-api\target\keycloak-config-api-999.0.0-SNAPSHOT.jar;C:\Users\harsh\.m2\repository\org\infinispan\infinispan-commons\15.0.8.Final\infinispan-commons-15.0.8.Final.jar;C:\Users\harsh\.m2\repository\org\infinispan\protostream\protostream\5.0.8.Final\protostream-5.0.8.Final.jar;C:\Users\harsh\.m2\repository\org\infinispan\protostream\protostream-types\5.0.8.Final\protostream-types-5.0.8.Final.jar;C:\Users\harsh\.m2\repository\org\infinispan\protostream\protostream-processor\5.0.8.Final\protostream-processor-5.0.8.Final.jar;C:\Users\harsh\.m2\repository\com\github\ben-manes\caffeine\caffeine\3.1.5\caffeine-3.1.5.jar;C:\Users\harsh\.m2\repository\io\reactivex\rxjava3\rxjava\3.1.8\rxjava-3.1.8.jar;C:\Users\harsh\.m2\repository\io\quarkus\quarkus-opentelemetry\3.15.1\quarkus-opentelemetry-3.15.1.jar;C:\Users\harsh\.m2\repository\io\quarkus\quarkus-core\3.15.1\quarkus-core-3.15.1.jar;C:\Users\harsh\.m2\repository\io\smallrye\common\smallrye-common-os\2.6.0\smallrye-common-os-2.6.0.jar;C:\Users\harsh\.m2\repository\io\quarkus\quarkus-ide-launcher\3.15.1\quarkus-ide-launcher-3.15.1.jar;C:\Users\harsh\.m2\repository\io\quarkus\quarkus-development-mode-spi\3.15.1\quarkus-development-mode-spi-3.15.1.jar;C:\Users\harsh\.m2\repository\io\smallrye\config\smallrye-config\3.9.1\smallrye-config-3.9.1.jar;C:\Users\harsh\.m2\repository\io\smallrye\config\smallrye-config-core\3.9.1\smallrye-config-core-3.9.1.jar;C:\Users\harsh\.m2\repository\org\eclipse\microprofile\config\microprofile-config-api\3.1\microprofile-config-api-3.1.jar;C:\Users\harsh\.m2\repository\io\smallrye\common\smallrye-common-classloader\2.6.0\smallrye-common-classloader-2.6.0.jar;C:\Users\harsh\.m2\repository\io\smallrye\config\smallrye-config-common\3.9.1\smallrye-config-common-3.9.1.jar;C:\Users\harsh\.m2\repository\org\jboss\logmanager\jboss-logmanager\3.0.6.Final\jboss-logmanager-3.0.6.Final.jar;C:\Users\harsh\.m2\repository\io\smallrye\common\smallrye-common-cpu\2.6.0\smallrye-common-cpu-2.6.0.jar;C:\Users\harsh\.m2\repository\io\smallrye\common\smallrye-common-expression\2.6.0\smallrye-common-expression-2.6.0.jar;C:\Users\harsh\.m2\repository\io\smallrye\common\smallrye-common-function\2.6.0\smallrye-common-function-2.6.0.jar;C:\Users\harsh\.m2\repository\io\smallrye\common\smallrye-common-net\2.6.0\smallrye-common-net-2.6.0.jar;C:\Users\harsh\.m2\repository\io\smallrye\common\smallrye-common-ref\2.6.0\smallrye-common-ref-2.6.0.jar;C:\Users\harsh\.m2\repository\org\jboss\threads\jboss-threads\3.6.1.Final\jboss-threads-3.6.1.Final.jar;C:\Users\harsh\.m2\repository\org\jboss\slf4j\slf4j-jboss-logmanager\2.0.0.Final\slf4j-jboss-logmanager-2.0.0.Final.jar;C:\Users\harsh\.m2\repository\org\wildfly\common\wildfly-common\1.5.4.Final-format-001\wildfly-common-1.5.4.Final-format-001.jar;C:\Users\harsh\.m2\repository\io\quarkus\quarkus-bootstrap-runner\3.15.1\quarkus-bootstrap-runner-3.15.1.jar;C:\Users\harsh\.m2\repository\io\quarkus\quarkus-classloader-commons\3.15.1\quarkus-classloader-commons-3.15.1.jar;C:\Users\harsh\.m2\repository\io\smallrye\common\smallrye-common-io\2.6.0\smallrye-common-io-2.6.0.jar;C:\Users\harsh\.m2\repository\io\github\crac\org-crac\0.1.3\org-crac-0.1.3.jar;C:\Users\harsh\.m2\repository\io\quarkus\quarkus-fs-util\0.0.10\quarkus-fs-util-0.0.10.jar;C:\Users\harsh\.m2\repository\io\quarkus\quarkus-tls-registry\3.15.1\quarkus-tls-registry-3.15.1.jar;C:\Users\harsh\.m2\repository\io\quarkus\quarkus-credentials\3.15.1\quarkus-credentials-3.15.1.jar;C:\Users\harsh\.m2\repository\io\quarkus\quarkus-arc\3.15.1\quarkus-arc-3.15.1.jar;C:\Users\harsh\.m2\repository\io\quarkus\arc\arc\3.15.1\arc-3.15.1.jar;C:\Users\harsh\.m2\repository\org\eclipse\microprofile\context-propagation\microprofile-context-propagation-api\1.3\microprofile-context-propagation-api-1.3.jar;C:\Users\harsh\.m2\repository\io\quarkus\quarkus-vertx\3.15.1\quarkus-vertx-3.15.1.jar;C:\Users\harsh\.m2\repository\io\quarkus\quarkus-netty\3.15.1\quarkus-netty-3.15.1.jar;C:\Users\harsh\.m2\repository\io\netty\netty-codec\4.1.111.Final\netty-codec-4.1.111.Final.jar;C:\Users\harsh\.m2\repository\io\netty\netty-codec-http\4.1.111.Final\netty-codec-http-4.1.111.Final.jar;C:\Users\harsh\.m2\repository\io\netty\netty-codec-http2\4.1.111.Final\netty-codec-http2-4.1.111.Final.jar;C:\Users\harsh\.m2\repository\io\netty\netty-handler\4.1.111.Final\netty-handler-4.1.111.Final.jar;C:\Users\harsh\.m2\repository\io\netty\netty-transport-native-unix-common\4.1.111.Final\netty-transport-native-unix-common-4.1.111.Final.jar;C:\Users\harsh\.m2\repository\com\aayushatharva\brotli4j\brotli4j\1.16.0\brotli4j-1.16.0.jar;C:\Users\harsh\.m2\repository\com\aayushatharva\brotli4j\service\1.16.0\service-1.16.0.jar;C:\Users\harsh\.m2\repository\com\aayushatharva\brotli4j\native-windows-x86_64\1.16.0\native-windows-x86_64-1.16.0.jar;C:\Users\harsh\.m2\repository\io\netty\netty-codec-haproxy\4.1.111.Final\netty-codec-haproxy-4.1.111.Final.jar;C:\Users\harsh\.m2\repository\io\netty\netty-buffer\4.1.111.Final\netty-buffer-4.1.111.Final.jar;C:\Users\harsh\.m2\repository\io\netty\netty-transport\4.1.111.Final\netty-transport-4.1.111.Final.jar;C:\Users\harsh\.m2\repository\io\quarkus\quarkus-mutiny\3.15.1\quarkus-mutiny-3.15.1.jar;C:\Users\harsh\.m2\repository\io\quarkus\quarkus-smallrye-context-propagation\3.15.1\quarkus-smallrye-context-propagation-3.15.1.jar;C:\Users\harsh\.m2\repository\io\smallrye\smallrye-context-propagation\2.1.2\smallrye-context-propagation-2.1.2.jar;C:\Users\harsh\.m2\repository\io\smallrye\smallrye-context-propagation-api\2.1.2\smallrye-context-propagation-api-2.1.2.jar;C:\Users\harsh\.m2\repository\io\smallrye\smallrye-context-propagation-storage\2.1.2\smallrye-context-propagation-storage-2.1.2.jar;C:\Users\harsh\.m2\repository\io\smallrye\reactive\mutiny-smallrye-context-propagation\2.6.2\mutiny-smallrye-context-propagation-2.6.2.jar;C:\Users\harsh\.m2\repository\io\quarkus\quarkus-virtual-threads\3.15.1\quarkus-virtual-threads-3.15.1.jar;C:\Users\harsh\.m2\repository\io\quarkus\quarkus-vertx-latebound-mdc-provider\3.15.1\quarkus-vertx-latebound-mdc-provider-3.15.1.jar;C:\Users\harsh\.m2\repository\io\smallrye\reactive\smallrye-mutiny-vertx-core\3.15.0\smallrye-mutiny-vertx-core-3.15.0.jar;C:\Users\harsh\.m2\repository\io\smallrye\reactive\smallrye-mutiny-vertx-runtime\3.15.0\smallrye-mutiny-vertx-runtime-3.15.0.jar;C:\Users\harsh\.m2\repository\io\smallrye\reactive\vertx-mutiny-generator\3.15.0\vertx-mutiny-generator-3.15.0.jar;C:\Users\harsh\.m2\repository\io\vertx\vertx-codegen\4.5.10\vertx-codegen-4.5.10.jar;C:\Users\harsh\.m2\repository\io\smallrye\smallrye-fault-tolerance-vertx\6.4.0\smallrye-fault-tolerance-vertx-6.4.0.jar;C:\Users\harsh\.m2\repository\io\quarkus\quarkus-security-runtime-spi\3.15.1\quarkus-security-runtime-spi-3.15.1.jar;C:\Users\harsh\.m2\repository\io\quarkus\security\quarkus-security\2.1.0\quarkus-security-2.1.0.jar;C:\Users\harsh\.m2\repository\io\quarkus\quarkus-grpc-common\3.15.1\quarkus-grpc-common-3.15.1.jar;C:\Users\harsh\.m2\repository\com\google\code\findbugs\jsr305\3.0.2\jsr305-3.0.2.jar;C:\Users\harsh\.m2\repository\io\vertx\vertx-grpc\4.5.10\vertx-grpc-4.5.10.jar;C:\Users\harsh\.m2\repository\io\grpc\grpc-netty\1.65.1\grpc-netty-1.65.1.jar;C:\Users\harsh\.m2\repository\io\grpc\grpc-util\1.65.1\grpc-util-1.65.1.jar;C:\Users\harsh\.m2\repository\io\grpc\grpc-protobuf\1.65.1\grpc-protobuf-1.65.1.jar;C:\Users\harsh\.m2\repository\com\google\protobuf\protobuf-java\3.25.5\protobuf-java-3.25.5.jar;C:\Users\harsh\.m2\repository\com\google\api\grpc\proto-google-common-protos\2.41.0\proto-google-common-protos-2.41.0.jar;C:\Users\harsh\.m2\repository\io\grpc\grpc-protobuf-lite\1.65.1\grpc-protobuf-lite-1.65.1.jar;C:\Users\harsh\.m2\repository\com\google\guava\guava\33.2.1-jre\guava-33.2.1-jre.jar;C:\Users\harsh\.m2\repository\com\google\guava\failureaccess\1.0.1\failureaccess-1.0.1.jar;C:\Users\harsh\.m2\repository\com\google\j2objc\j2objc-annotations\2.8\j2objc-annotations-2.8.jar;C:\Users\harsh\.m2\repository\io\vertx\vertx-grpc-server\4.5.10\vertx-grpc-server-4.5.10.jar;C:\Users\harsh\.m2\repository\io\grpc\grpc-core\1.65.1\grpc-core-1.65.1.jar;C:\Users\harsh\.m2\repository\com\google\code\gson\gson\2.11.0\gson-2.11.0.jar;C:\Users\harsh\.m2\repository\com\google\errorprone\error_prone_annotations\2.30.0\error_prone_annotations-2.30.0.jar;C:\Users\harsh\.m2\repository\io\perfmark\perfmark-api\0.26.0\perfmark-api-0.26.0.jar;C:\Users\harsh\.m2\repository\io\grpc\grpc-context\1.65.1\grpc-context-1.65.1.jar;C:\Users\harsh\.m2\repository\io\smallrye\common\smallrye-common-vertx-context\2.6.0\smallrye-common-vertx-context-2.6.0.jar;C:\Users\harsh\.m2\repository\io\vertx\vertx-core\4.5.10\vertx-core-4.5.10.jar;C:\Users\harsh\.m2\repository\io\netty\netty-common\4.1.111.Final\netty-common-4.1.111.Final.jar;C:\Users\harsh\.m2\repository\io\netty\netty-handler-proxy\4.1.111.Final\netty-handler-proxy-4.1.111.Final.jar;C:\Users\harsh\.m2\repository\io\netty\netty-codec-socks\4.1.111.Final\netty-codec-socks-4.1.111.Final.jar;C:\Users\harsh\.m2\repository\io\netty\netty-resolver\4.1.111.Final\netty-resolver-4.1.111.Final.jar;C:\Users\harsh\.m2\repository\io\netty\netty-resolver-dns\4.1.111.Final\netty-resolver-dns-4.1.111.Final.jar;C:\Users\harsh\.m2\repository\io\netty\netty-codec-dns\4.1.111.Final\netty-codec-dns-4.1.111.Final.jar;C:\Users\harsh\.m2\repository\io\smallrye\common\smallrye-common-constraint\2.6.0\smallrye-common-constraint-2.6.0.jar;C:\Users\harsh\.m2\repository\io\opentelemetry\opentelemetry-sdk-extension-autoconfigure\1.39.0\opentelemetry-sdk-extension-autoconfigure-1.39.0.jar;C:\Users\harsh\.m2\repository\io\opentelemetry\opentelemetry-sdk\1.39.0\opentelemetry-sdk-1.39.0.jar;C:\Users\harsh\.m2\repository\io\opentelemetry\opentelemetry-api\1.39.0\opentelemetry-api-1.39.0.jar;C:\Users\harsh\.m2\repository\io\opentelemetry\opentelemetry-context\1.39.0\opentelemetry-context-1.39.0.jar;C:\Users\harsh\.m2\repository\io\opentelemetry\opentelemetry-sdk-common\1.39.0\opentelemetry-sdk-common-1.39.0.jar;C:\Users\harsh\.m2\repository\io\opentelemetry\opentelemetry-sdk-trace\1.39.0\opentelemetry-sdk-trace-1.39.0.jar;C:\Users\harsh\.m2\repository\io\opentelemetry\opentelemetry-sdk-metrics\1.39.0\opentelemetry-sdk-metrics-1.39.0.jar;C:\Users\harsh\.m2\repository\io\opentelemetry\opentelemetry-sdk-logs\1.39.0\opentelemetry-sdk-logs-1.39.0.jar;C:\Users\harsh\.m2\repository\io\opentelemetry\opentelemetry-sdk-extension-autoconfigure-spi\1.39.0\opentelemetry-sdk-extension-autoconfigure-spi-1.39.0.jar;C:\Users\harsh\.m2\repository\io\opentelemetry\semconv\opentelemetry-semconv\1.26.0-alpha\opentelemetry-semconv-1.26.0-alpha.jar;C:\Users\harsh\.m2\repository\io\opentelemetry\opentelemetry-api-incubator\1.39.0-alpha\opentelemetry-api-incubator-1.39.0-alpha.jar;C:\Users\harsh\.m2\repository\io\opentelemetry\instrumentation\opentelemetry-instrumentation-api\2.5.0\opentelemetry-instrumentation-api-2.5.0.jar;C:\Users\harsh\.m2\repository\io\opentelemetry\instrumentation\opentelemetry-instrumentation-annotations\2.5.0\opentelemetry-instrumentation-annotations-2.5.0.jar;C:\Users\harsh\.m2\repository\io\opentelemetry\instrumentation\opentelemetry-instrumentation-annotations-support\2.5.0-alpha\opentelemetry-instrumentation-annotations-support-2.5.0-alpha.jar;C:\Users\harsh\.m2\repository\io\opentelemetry\semconv\opentelemetry-semconv-incubating\1.26.0-alpha\opentelemetry-semconv-incubating-1.26.0-alpha.jar;C:\Users\harsh\.m2\repository\io\opentelemetry\instrumentation\opentelemetry-instrumentation-api-incubator\2.5.0-alpha\opentelemetry-instrumentation-api-incubator-2.5.0-alpha.jar;C:\Users\harsh\.m2\repository\io\opentelemetry\opentelemetry-exporter-otlp-common\1.39.0\opentelemetry-exporter-otlp-common-1.39.0.jar;C:\Users\harsh\.m2\repository\io\opentelemetry\opentelemetry-exporter-common\1.39.0\opentelemetry-exporter-common-1.39.0.jar;C:\Users\harsh\.m2\repository\io\opentelemetry\opentelemetry-exporter-otlp\1.39.0\opentelemetry-exporter-otlp-1.39.0.jar;C:\Users\harsh\.m2\repository\io\opentelemetry\opentelemetry-exporter-sender-okhttp\1.39.0\opentelemetry-exporter-sender-okhttp-1.39.0.jar;C:\Users\harsh\.m2\repository\io\vertx\vertx-grpc-client\4.5.10\vertx-grpc-client-4.5.10.jar;C:\Users\harsh\.m2\repository\io\vertx\vertx-grpc-common\4.5.10\vertx-grpc-common-4.5.10.jar;C:\Users\harsh\.m2\repository\io\grpc\grpc-stub\1.65.1\grpc-stub-1.65.1.jar;C:\Users\harsh\.m2\repository\io\grpc\grpc-api\1.65.1\grpc-api-1.65.1.jar;"/>
    <property name="java.vm.vendor" value="Oracle Corporation"/>
    <property name="sun.arch.data.model" value="64"/>
    <property name="user.variant" value=""/>
    <property name="java.vendor.url" value="https://java.oracle.com/"/>
    <property name="user.timezone" value="Asia/Calcutta"/>
    <property name="os.name" value="Windows 11"/>
    <property name="java.vm.specification.version" value="21"/>
    <property name="sun.java.launcher" value="SUN_STANDARD"/>
    <property name="user.country" value="IN"/>
    <property name="sun.boot.library.path" value="C:\Program Files\Java\jdk-21\bin"/>
    <property name="sun.java.command" value="C:\Users\harsh\AppData\Local\Temp\surefire1010162649871579037\surefirebooter-20241021173547230_59.jar C:\Users\harsh\AppData\Local\Temp\surefire1010162649871579037 2024-10-21T17-33-40_185-jvmRun1 surefire-20241021173547230_57tmp surefire_7-20241021173547230_58tmp"/>
    <property name="jdk.debug" value="release"/>
    <property name="surefire.test.class.path" value="D:\zblackcoffer project\New folder\keycloak\services\target\test-classes;D:\zblackcoffer project\New folder\keycloak\services\target\classes;D:\zblackcoffer project\New folder\keycloak\core\target\keycloak-core-999.0.0-SNAPSHOT.jar;C:\Users\harsh\.m2\repository\com\fasterxml\jackson\datatype\jackson-datatype-jsr310\2.17.2\jackson-datatype-jsr310-2.17.2.jar;D:\zblackcoffer project\New folder\keycloak\core\target\keycloak-core-999.0.0-SNAPSHOT-tests.jar;D:\zblackcoffer project\New folder\keycloak\crypto\default\target\keycloak-crypto-default-999.0.0-SNAPSHOT.jar;C:\Users\harsh\.m2\repository\org\bouncycastle\bcprov-jdk18on\1.78.1\bcprov-jdk18on-1.78.1.jar;C:\Users\harsh\.m2\repository\org\bouncycastle\bcpkix-jdk18on\1.78.1\bcpkix-jdk18on-1.78.1.jar;C:\Users\harsh\.m2\repository\org\bouncycastle\bcutil-jdk18on\1.78.1\bcutil-jdk18on-1.78.1.jar;C:\Users\harsh\.m2\repository\org\freemarker\freemarker\2.3.32\freemarker-2.3.32.jar;C:\Users\harsh\.m2\repository\jakarta\mail\jakarta.mail-api\2.1.1\jakarta.mail-api-2.1.1.jar;C:\Users\harsh\.m2\repository\jakarta\activation\jakarta.activation-api\2.1.3\jakarta.activation-api-2.1.3.jar;C:\Users\harsh\.m2\repository\org\eclipse\angus\angus-mail\2.0.1\angus-mail-2.0.1.jar;C:\Users\harsh\.m2\repository\org\eclipse\angus\angus-activation\2.0.2\angus-activation-2.0.2.jar;D:\zblackcoffer project\New folder\keycloak\common\target\keycloak-common-999.0.0-SNAPSHOT.jar;D:\zblackcoffer project\New folder\keycloak\server-spi\target\keycloak-server-spi-999.0.0-SNAPSHOT.jar;D:\zblackcoffer project\New folder\keycloak\server-spi-private\target\keycloak-server-spi-private-999.0.0-SNAPSHOT.jar;C:\Users\harsh\.m2\repository\org\twitter4j\twitter4j-core\4.1.2\twitter4j-core-4.1.2.jar;C:\Users\harsh\.m2\repository\org\jboss\logging\jboss-logging\3.6.0.Final\jboss-logging-3.6.0.Final.jar;C:\Users\harsh\.m2\repository\org\jboss\logging\commons-logging-jboss-logging\1.0.0.Final\commons-logging-jboss-logging-1.0.0.Final.jar;C:\Users\harsh\.m2\repository\org\jboss\logging\jboss-logging-annotations\3.0.1.Final\jboss-logging-annotations-3.0.1.Final.jar;C:\Users\harsh\.m2\repository\org\jboss\logging\jboss-logging-processor\3.0.1.Final\jboss-logging-processor-3.0.1.Final.jar;C:\Users\harsh\.m2\repository\org\jboss\jdeparser\jdeparser\2.0.3.Final\jdeparser-2.0.3.Final.jar;C:\Users\harsh\.m2\repository\org\jboss\resteasy\resteasy-core\6.2.9.Final\resteasy-core-6.2.9.Final.jar;C:\Users\harsh\.m2\repository\jakarta\annotation\jakarta.annotation-api\3.0.0\jakarta.annotation-api-3.0.0.jar;C:\Users\harsh\.m2\repository\jakarta\xml\bind\jakarta.xml.bind-api\4.0.2\jakarta.xml.bind-api-4.0.2.jar;C:\Users\harsh\.m2\repository\io\smallrye\jandex\3.2.2\jandex-3.2.2.jar;C:\Users\harsh\.m2\repository\org\reactivestreams\reactive-streams\1.0.4\reactive-streams-1.0.4.jar;C:\Users\harsh\.m2\repository\jakarta\validation\jakarta.validation-api\3.0.2\jakarta.validation-api-3.0.2.jar;C:\Users\harsh\.m2\repository\com\ibm\async\asyncutil\0.1.0\asyncutil-0.1.0.jar;C:\Users\harsh\.m2\repository\io\quarkus\resteasy\reactive\resteasy-reactive\3.15.1\resteasy-reactive-3.15.1.jar;C:\Users\harsh\.m2\repository\jakarta\enterprise\jakarta.enterprise.cdi-api\4.1.0\jakarta.enterprise.cdi-api-4.1.0.jar;C:\Users\harsh\.m2\repository\jakarta\enterprise\jakarta.enterprise.lang-model\4.1.0\jakarta.enterprise.lang-model-4.1.0.jar;C:\Users\harsh\.m2\repository\jakarta\el\jakarta.el-api\5.0.1\jakarta.el-api-5.0.1.jar;C:\Users\harsh\.m2\repository\jakarta\interceptor\jakarta.interceptor-api\2.2.0\jakarta.interceptor-api-2.2.0.jar;C:\Users\harsh\.m2\repository\jakarta\inject\jakarta.inject-api\2.0.1\jakarta.inject-api-2.0.1.jar;C:\Users\harsh\.m2\repository\io\quarkus\resteasy\reactive\resteasy-reactive-common\3.15.1\resteasy-reactive-common-3.15.1.jar;C:\Users\harsh\.m2\repository\io\quarkus\resteasy\reactive\resteasy-reactive-common-types\3.15.1\resteasy-reactive-common-types-3.15.1.jar;C:\Users\harsh\.m2\repository\io\smallrye\reactive\mutiny\2.6.2\mutiny-2.6.2.jar;C:\Users\harsh\.m2\repository\org\jctools\jctools-core\4.0.5\jctools-core-4.0.5.jar;C:\Users\harsh\.m2\repository\io\smallrye\reactive\mutiny-zero-flow-adapters\1.1.0\mutiny-zero-flow-adapters-1.1.0.jar;C:\Users\harsh\.m2\repository\org\eclipse\parsson\parsson\1.1.7\parsson-1.1.7.jar;C:\Users\harsh\.m2\repository\jakarta\json\jakarta.json-api\2.1.3\jakarta.json-api-2.1.3.jar;C:\Users\harsh\.m2\repository\org\apache\httpcomponents\httpclient\4.5.14\httpclient-4.5.14.jar;C:\Users\harsh\.m2\repository\org\apache\httpcomponents\httpcore\4.4.16\httpcore-4.4.16.jar;C:\Users\harsh\.m2\repository\commons-codec\commons-codec\1.17.1\commons-codec-1.17.1.jar;C:\Users\harsh\.m2\repository\jakarta\ws\rs\jakarta.ws.rs-api\3.1.0\jakarta.ws.rs-api-3.1.0.jar;C:\Users\harsh\.m2\repository\jakarta\transaction\jakarta.transaction-api\2.0.1\jakarta.transaction-api-2.0.1.jar;C:\Users\harsh\.m2\repository\jakarta\xml\soap\jakarta.xml.soap-api\3.0.0\jakarta.xml.soap-api-3.0.0.jar;C:\Users\harsh\.m2\repository\org\jboss\resteasy\resteasy-core-spi\6.2.9.Final\resteasy-core-spi-6.2.9.Final.jar;C:\Users\harsh\.m2\repository\com\googlecode\owasp-java-html-sanitizer\owasp-java-html-sanitizer\20240325.1\owasp-java-html-sanitizer-20240325.1.jar;C:\Users\harsh\.m2\repository\com\googlecode\owasp-java-html-sanitizer\java8-shim\20240325.1\java8-shim-20240325.1.jar;C:\Users\harsh\.m2\repository\com\googlecode\owasp-java-html-sanitizer\java10-shim\20240325.1\java10-shim-20240325.1.jar;C:\Users\harsh\.m2\repository\com\fasterxml\jackson\core\jackson-core\2.17.2\jackson-core-2.17.2.jar;C:\Users\harsh\.m2\repository\com\fasterxml\jackson\core\jackson-databind\2.17.2\jackson-databind-2.17.2.jar;C:\Users\harsh\.m2\repository\com\fasterxml\jackson\core\jackson-annotations\2.17.2\jackson-annotations-2.17.2.jar;C:\Users\harsh\.m2\repository\javax\annotation\javax.annotation-api\1.3.2\javax.annotation-api-1.3.2.jar;C:\Users\harsh\.m2\repository\com\fasterxml\jackson\datatype\jackson-datatype-jdk8\2.17.2\jackson-datatype-jdk8-2.17.2.jar;C:\Users\harsh\.m2\repository\com\fasterxml\woodstox\woodstox-core\6.0.3\woodstox-core-6.0.3.jar;C:\Users\harsh\.m2\repository\org\codehaus\woodstox\stax2-api\4.2\stax2-api-4.2.jar;C:\Users\harsh\.m2\repository\com\google\zxing\javase\3.4.0\javase-3.4.0.jar;C:\Users\harsh\.m2\repository\com\google\zxing\core\3.4.0\core-3.4.0.jar;C:\Users\harsh\.m2\repository\com\github\jai-imageio\jai-imageio-core\1.4.0\jai-imageio-core-1.4.0.jar;D:\zblackcoffer project\New folder\keycloak\saml-core-api\target\keycloak-saml-core-public-999.0.0-SNAPSHOT.jar;C:\Users\harsh\.m2\repository\org\apache\santuario\xmlsec\2.2.6\xmlsec-2.2.6.jar;C:\Users\harsh\.m2\repository\jakarta\xml\ws\jakarta.xml.ws-api\4.0.0\jakarta.xml.ws-api-4.0.0.jar;C:\Users\harsh\.m2\repository\com\sun\xml\messaging\saaj\saaj-impl\2.0.1\saaj-impl-2.0.1.jar;C:\Users\harsh\.m2\repository\org\jvnet\staxex\stax-ex\2.0.1\stax-ex-2.0.1.jar;C:\Users\harsh\.m2\repository\com\sun\activation\jakarta.activation\2.0.1\jakarta.activation-2.0.1.jar;C:\Users\harsh\.m2\repository\com\sun\xml\ws\rt\4.0.0\rt-4.0.0.jar;C:\Users\harsh\.m2\repository\com\sun\xml\ws\policy\4.0.0\policy-4.0.0.jar;C:\Users\harsh\.m2\repository\org\glassfish\jaxb\jaxb-runtime\4.0.5\jaxb-runtime-4.0.5.jar;C:\Users\harsh\.m2\repository\org\glassfish\jaxb\jaxb-core\4.0.5\jaxb-core-4.0.5.jar;C:\Users\harsh\.m2\repository\com\sun\istack\istack-commons-runtime\3.0.10\istack-commons-runtime-3.0.10.jar;C:\Users\harsh\.m2\repository\org\glassfish\external\management-api\3.2.3\management-api-3.2.3.jar;C:\Users\harsh\.m2\repository\org\glassfish\gmbal\gmbal-api-only\4.0.3\gmbal-api-only-4.0.3.jar;C:\Users\harsh\.m2\repository\com\sun\xml\stream\buffer\streambuffer\2.1.0\streambuffer-2.1.0.jar;C:\Users\harsh\.m2\repository\org\jvnet\mimepull\mimepull\1.10.0\mimepull-1.10.0.jar;D:\zblackcoffer project\New folder\keycloak\saml-core\target\keycloak-saml-core-999.0.0-SNAPSHOT.jar;C:\Users\harsh\.m2\repository\commons-io\commons-io\2.16.1\commons-io-2.16.1.jar;C:\Users\harsh\.m2\repository\com\apicatalog\titanium-json-ld\1.3.3\titanium-json-ld-1.3.3.jar;C:\Users\harsh\.m2\repository\io\setl\rdf-urdna\1.1\rdf-urdna-1.1.jar;C:\Users\harsh\.m2\repository\junit\junit\4.13.2\junit-4.13.2.jar;C:\Users\harsh\.m2\repository\org\hamcrest\hamcrest-core\1.3\hamcrest-core-1.3.jar;C:\Users\harsh\.m2\repository\org\hamcrest\hamcrest\2.2\hamcrest-2.2.jar;C:\Users\harsh\.m2\repository\com\icegreen\greenmail\2.1.0-alpha-1\greenmail-2.1.0-alpha-1.jar;C:\Users\harsh\.m2\repository\org\eclipse\angus\jakarta.mail\2.0.1\jakarta.mail-2.0.1.jar;C:\Users\harsh\.m2\repository\com\webauthn4j\webauthn4j-core\0.21.5.RELEASE\webauthn4j-core-0.21.5.RELEASE.jar;C:\Users\harsh\.m2\repository\com\webauthn4j\webauthn4j-util\0.21.5.RELEASE\webauthn4j-util-0.21.5.RELEASE.jar;C:\Users\harsh\.m2\repository\org\slf4j\slf4j-api\2.0.6\slf4j-api-2.0.6.jar;C:\Users\harsh\.m2\repository\org\apache\kerby\kerby-asn1\2.0.3\kerby-asn1-2.0.3.jar;C:\Users\harsh\.m2\repository\com\fasterxml\jackson\dataformat\jackson-dataformat-cbor\2.17.2\jackson-dataformat-cbor-2.17.2.jar;C:\Users\harsh\.m2\repository\org\checkerframework\checker-qual\3.46.0\checker-qual-3.46.0.jar;C:\Users\harsh\.m2\repository\com\github\ua-parser\uap-java\1.5.4\uap-java-1.5.4.jar;C:\Users\harsh\.m2\repository\org\apache\commons\commons-collections4\4.4\commons-collections4-4.4.jar;C:\Users\harsh\.m2\repository\org\eclipse\microprofile\openapi\microprofile-openapi-api\3.1.1\microprofile-openapi-api-3.1.1.jar;C:\Users\harsh\.m2\repository\io\smallrye\common\smallrye-common-annotation\2.6.0\smallrye-common-annotation-2.6.0.jar;D:\zblackcoffer project\New folder\keycloak\model\storage-private\target\keycloak-model-storage-private-999.0.0-SNAPSHOT.jar;D:\zblackcoffer project\New folder\keycloak\model\storage\target\keycloak-model-storage-999.0.0-SNAPSHOT.jar;D:\zblackcoffer project\New folder\keycloak\quarkus\config-api\target\keycloak-config-api-999.0.0-SNAPSHOT.jar;C:\Users\harsh\.m2\repository\org\infinispan\infinispan-commons\15.0.8.Final\infinispan-commons-15.0.8.Final.jar;C:\Users\harsh\.m2\repository\org\infinispan\protostream\protostream\5.0.8.Final\protostream-5.0.8.Final.jar;C:\Users\harsh\.m2\repository\org\infinispan\protostream\protostream-types\5.0.8.Final\protostream-types-5.0.8.Final.jar;C:\Users\harsh\.m2\repository\org\infinispan\protostream\protostream-processor\5.0.8.Final\protostream-processor-5.0.8.Final.jar;C:\Users\harsh\.m2\repository\com\github\ben-manes\caffeine\caffeine\3.1.5\caffeine-3.1.5.jar;C:\Users\harsh\.m2\repository\io\reactivex\rxjava3\rxjava\3.1.8\rxjava-3.1.8.jar;C:\Users\harsh\.m2\repository\io\quarkus\quarkus-opentelemetry\3.15.1\quarkus-opentelemetry-3.15.1.jar;C:\Users\harsh\.m2\repository\io\quarkus\quarkus-core\3.15.1\quarkus-core-3.15.1.jar;C:\Users\harsh\.m2\repository\io\smallrye\common\smallrye-common-os\2.6.0\smallrye-common-os-2.6.0.jar;C:\Users\harsh\.m2\repository\io\quarkus\quarkus-ide-launcher\3.15.1\quarkus-ide-launcher-3.15.1.jar;C:\Users\harsh\.m2\repository\io\quarkus\quarkus-development-mode-spi\3.15.1\quarkus-development-mode-spi-3.15.1.jar;C:\Users\harsh\.m2\repository\io\smallrye\config\smallrye-config\3.9.1\smallrye-config-3.9.1.jar;C:\Users\harsh\.m2\repository\io\smallrye\config\smallrye-config-core\3.9.1\smallrye-config-core-3.9.1.jar;C:\Users\harsh\.m2\repository\org\eclipse\microprofile\config\microprofile-config-api\3.1\microprofile-config-api-3.1.jar;C:\Users\harsh\.m2\repository\io\smallrye\common\smallrye-common-classloader\2.6.0\smallrye-common-classloader-2.6.0.jar;C:\Users\harsh\.m2\repository\io\smallrye\config\smallrye-config-common\3.9.1\smallrye-config-common-3.9.1.jar;C:\Users\harsh\.m2\repository\org\jboss\logmanager\jboss-logmanager\3.0.6.Final\jboss-logmanager-3.0.6.Final.jar;C:\Users\harsh\.m2\repository\io\smallrye\common\smallrye-common-cpu\2.6.0\smallrye-common-cpu-2.6.0.jar;C:\Users\harsh\.m2\repository\io\smallrye\common\smallrye-common-expression\2.6.0\smallrye-common-expression-2.6.0.jar;C:\Users\harsh\.m2\repository\io\smallrye\common\smallrye-common-function\2.6.0\smallrye-common-function-2.6.0.jar;C:\Users\harsh\.m2\repository\io\smallrye\common\smallrye-common-net\2.6.0\smallrye-common-net-2.6.0.jar;C:\Users\harsh\.m2\repository\io\smallrye\common\smallrye-common-ref\2.6.0\smallrye-common-ref-2.6.0.jar;C:\Users\harsh\.m2\repository\org\jboss\threads\jboss-threads\3.6.1.Final\jboss-threads-3.6.1.Final.jar;C:\Users\harsh\.m2\repository\org\jboss\slf4j\slf4j-jboss-logmanager\2.0.0.Final\slf4j-jboss-logmanager-2.0.0.Final.jar;C:\Users\harsh\.m2\repository\org\wildfly\common\wildfly-common\1.5.4.Final-format-001\wildfly-common-1.5.4.Final-format-001.jar;C:\Users\harsh\.m2\repository\io\quarkus\quarkus-bootstrap-runner\3.15.1\quarkus-bootstrap-runner-3.15.1.jar;C:\Users\harsh\.m2\repository\io\quarkus\quarkus-classloader-commons\3.15.1\quarkus-classloader-commons-3.15.1.jar;C:\Users\harsh\.m2\repository\io\smallrye\common\smallrye-common-io\2.6.0\smallrye-common-io-2.6.0.jar;C:\Users\harsh\.m2\repository\io\github\crac\org-crac\0.1.3\org-crac-0.1.3.jar;C:\Users\harsh\.m2\repository\io\quarkus\quarkus-fs-util\0.0.10\quarkus-fs-util-0.0.10.jar;C:\Users\harsh\.m2\repository\io\quarkus\quarkus-tls-registry\3.15.1\quarkus-tls-registry-3.15.1.jar;C:\Users\harsh\.m2\repository\io\quarkus\quarkus-credentials\3.15.1\quarkus-credentials-3.15.1.jar;C:\Users\harsh\.m2\repository\io\quarkus\quarkus-arc\3.15.1\quarkus-arc-3.15.1.jar;C:\Users\harsh\.m2\repository\io\quarkus\arc\arc\3.15.1\arc-3.15.1.jar;C:\Users\harsh\.m2\repository\org\eclipse\microprofile\context-propagation\microprofile-context-propagation-api\1.3\microprofile-context-propagation-api-1.3.jar;C:\Users\harsh\.m2\repository\io\quarkus\quarkus-vertx\3.15.1\quarkus-vertx-3.15.1.jar;C:\Users\harsh\.m2\repository\io\quarkus\quarkus-netty\3.15.1\quarkus-netty-3.15.1.jar;C:\Users\harsh\.m2\repository\io\netty\netty-codec\4.1.111.Final\netty-codec-4.1.111.Final.jar;C:\Users\harsh\.m2\repository\io\netty\netty-codec-http\4.1.111.Final\netty-codec-http-4.1.111.Final.jar;C:\Users\harsh\.m2\repository\io\netty\netty-codec-http2\4.1.111.Final\netty-codec-http2-4.1.111.Final.jar;C:\Users\harsh\.m2\repository\io\netty\netty-handler\4.1.111.Final\netty-handler-4.1.111.Final.jar;C:\Users\harsh\.m2\repository\io\netty\netty-transport-native-unix-common\4.1.111.Final\netty-transport-native-unix-common-4.1.111.Final.jar;C:\Users\harsh\.m2\repository\com\aayushatharva\brotli4j\brotli4j\1.16.0\brotli4j-1.16.0.jar;C:\Users\harsh\.m2\repository\com\aayushatharva\brotli4j\service\1.16.0\service-1.16.0.jar;C:\Users\harsh\.m2\repository\com\aayushatharva\brotli4j\native-windows-x86_64\1.16.0\native-windows-x86_64-1.16.0.jar;C:\Users\harsh\.m2\repository\io\netty\netty-codec-haproxy\4.1.111.Final\netty-codec-haproxy-4.1.111.Final.jar;C:\Users\harsh\.m2\repository\io\netty\netty-buffer\4.1.111.Final\netty-buffer-4.1.111.Final.jar;C:\Users\harsh\.m2\repository\io\netty\netty-transport\4.1.111.Final\netty-transport-4.1.111.Final.jar;C:\Users\harsh\.m2\repository\io\quarkus\quarkus-mutiny\3.15.1\quarkus-mutiny-3.15.1.jar;C:\Users\harsh\.m2\repository\io\quarkus\quarkus-smallrye-context-propagation\3.15.1\quarkus-smallrye-context-propagation-3.15.1.jar;C:\Users\harsh\.m2\repository\io\smallrye\smallrye-context-propagation\2.1.2\smallrye-context-propagation-2.1.2.jar;C:\Users\harsh\.m2\repository\io\smallrye\smallrye-context-propagation-api\2.1.2\smallrye-context-propagation-api-2.1.2.jar;C:\Users\harsh\.m2\repository\io\smallrye\smallrye-context-propagation-storage\2.1.2\smallrye-context-propagation-storage-2.1.2.jar;C:\Users\harsh\.m2\repository\io\smallrye\reactive\mutiny-smallrye-context-propagation\2.6.2\mutiny-smallrye-context-propagation-2.6.2.jar;C:\Users\harsh\.m2\repository\io\quarkus\quarkus-virtual-threads\3.15.1\quarkus-virtual-threads-3.15.1.jar;C:\Users\harsh\.m2\repository\io\quarkus\quarkus-vertx-latebound-mdc-provider\3.15.1\quarkus-vertx-latebound-mdc-provider-3.15.1.jar;C:\Users\harsh\.m2\repository\io\smallrye\reactive\smallrye-mutiny-vertx-core\3.15.0\smallrye-mutiny-vertx-core-3.15.0.jar;C:\Users\harsh\.m2\repository\io\smallrye\reactive\smallrye-mutiny-vertx-runtime\3.15.0\smallrye-mutiny-vertx-runtime-3.15.0.jar;C:\Users\harsh\.m2\repository\io\smallrye\reactive\vertx-mutiny-generator\3.15.0\vertx-mutiny-generator-3.15.0.jar;C:\Users\harsh\.m2\repository\io\vertx\vertx-codegen\4.5.10\vertx-codegen-4.5.10.jar;C:\Users\harsh\.m2\repository\io\smallrye\smallrye-fault-tolerance-vertx\6.4.0\smallrye-fault-tolerance-vertx-6.4.0.jar;C:\Users\harsh\.m2\repository\io\quarkus\quarkus-security-runtime-spi\3.15.1\quarkus-security-runtime-spi-3.15.1.jar;C:\Users\harsh\.m2\repository\io\quarkus\security\quarkus-security\2.1.0\quarkus-security-2.1.0.jar;C:\Users\harsh\.m2\repository\io\quarkus\quarkus-grpc-common\3.15.1\quarkus-grpc-common-3.15.1.jar;C:\Users\harsh\.m2\repository\com\google\code\findbugs\jsr305\3.0.2\jsr305-3.0.2.jar;C:\Users\harsh\.m2\repository\io\vertx\vertx-grpc\4.5.10\vertx-grpc-4.5.10.jar;C:\Users\harsh\.m2\repository\io\grpc\grpc-netty\1.65.1\grpc-netty-1.65.1.jar;C:\Users\harsh\.m2\repository\io\grpc\grpc-util\1.65.1\grpc-util-1.65.1.jar;C:\Users\harsh\.m2\repository\io\grpc\grpc-protobuf\1.65.1\grpc-protobuf-1.65.1.jar;C:\Users\harsh\.m2\repository\com\google\protobuf\protobuf-java\3.25.5\protobuf-java-3.25.5.jar;C:\Users\harsh\.m2\repository\com\google\api\grpc\proto-google-common-protos\2.41.0\proto-google-common-protos-2.41.0.jar;C:\Users\harsh\.m2\repository\io\grpc\grpc-protobuf-lite\1.65.1\grpc-protobuf-lite-1.65.1.jar;C:\Users\harsh\.m2\repository\com\google\guava\guava\33.2.1-jre\guava-33.2.1-jre.jar;C:\Users\harsh\.m2\repository\com\google\guava\failureaccess\1.0.1\failureaccess-1.0.1.jar;C:\Users\harsh\.m2\repository\com\google\j2objc\j2objc-annotations\2.8\j2objc-annotations-2.8.jar;C:\Users\harsh\.m2\repository\io\vertx\vertx-grpc-server\4.5.10\vertx-grpc-server-4.5.10.jar;C:\Users\harsh\.m2\repository\io\grpc\grpc-core\1.65.1\grpc-core-1.65.1.jar;C:\Users\harsh\.m2\repository\com\google\code\gson\gson\2.11.0\gson-2.11.0.jar;C:\Users\harsh\.m2\repository\com\google\errorprone\error_prone_annotations\2.30.0\error_prone_annotations-2.30.0.jar;C:\Users\harsh\.m2\repository\io\perfmark\perfmark-api\0.26.0\perfmark-api-0.26.0.jar;C:\Users\harsh\.m2\repository\io\grpc\grpc-context\1.65.1\grpc-context-1.65.1.jar;C:\Users\harsh\.m2\repository\io\smallrye\common\smallrye-common-vertx-context\2.6.0\smallrye-common-vertx-context-2.6.0.jar;C:\Users\harsh\.m2\repository\io\vertx\vertx-core\4.5.10\vertx-core-4.5.10.jar;C:\Users\harsh\.m2\repository\io\netty\netty-common\4.1.111.Final\netty-common-4.1.111.Final.jar;C:\Users\harsh\.m2\repository\io\netty\netty-handler-proxy\4.1.111.Final\netty-handler-proxy-4.1.111.Final.jar;C:\Users\harsh\.m2\repository\io\netty\netty-codec-socks\4.1.111.Final\netty-codec-socks-4.1.111.Final.jar;C:\Users\harsh\.m2\repository\io\netty\netty-resolver\4.1.111.Final\netty-resolver-4.1.111.Final.jar;C:\Users\harsh\.m2\repository\io\netty\netty-resolver-dns\4.1.111.Final\netty-resolver-dns-4.1.111.Final.jar;C:\Users\harsh\.m2\repository\io\netty\netty-codec-dns\4.1.111.Final\netty-codec-dns-4.1.111.Final.jar;C:\Users\harsh\.m2\repository\io\smallrye\common\smallrye-common-constraint\2.6.0\smallrye-common-constraint-2.6.0.jar;C:\Users\harsh\.m2\repository\io\opentelemetry\opentelemetry-sdk-extension-autoconfigure\1.39.0\opentelemetry-sdk-extension-autoconfigure-1.39.0.jar;C:\Users\harsh\.m2\repository\io\opentelemetry\opentelemetry-sdk\1.39.0\opentelemetry-sdk-1.39.0.jar;C:\Users\harsh\.m2\repository\io\opentelemetry\opentelemetry-api\1.39.0\opentelemetry-api-1.39.0.jar;C:\Users\harsh\.m2\repository\io\opentelemetry\opentelemetry-context\1.39.0\opentelemetry-context-1.39.0.jar;C:\Users\harsh\.m2\repository\io\opentelemetry\opentelemetry-sdk-common\1.39.0\opentelemetry-sdk-common-1.39.0.jar;C:\Users\harsh\.m2\repository\io\opentelemetry\opentelemetry-sdk-trace\1.39.0\opentelemetry-sdk-trace-1.39.0.jar;C:\Users\harsh\.m2\repository\io\opentelemetry\opentelemetry-sdk-metrics\1.39.0\opentelemetry-sdk-metrics-1.39.0.jar;C:\Users\harsh\.m2\repository\io\opentelemetry\opentelemetry-sdk-logs\1.39.0\opentelemetry-sdk-logs-1.39.0.jar;C:\Users\harsh\.m2\repository\io\opentelemetry\opentelemetry-sdk-extension-autoconfigure-spi\1.39.0\opentelemetry-sdk-extension-autoconfigure-spi-1.39.0.jar;C:\Users\harsh\.m2\repository\io\opentelemetry\semconv\opentelemetry-semconv\1.26.0-alpha\opentelemetry-semconv-1.26.0-alpha.jar;C:\Users\harsh\.m2\repository\io\opentelemetry\opentelemetry-api-incubator\1.39.0-alpha\opentelemetry-api-incubator-1.39.0-alpha.jar;C:\Users\harsh\.m2\repository\io\opentelemetry\instrumentation\opentelemetry-instrumentation-api\2.5.0\opentelemetry-instrumentation-api-2.5.0.jar;C:\Users\harsh\.m2\repository\io\opentelemetry\instrumentation\opentelemetry-instrumentation-annotations\2.5.0\opentelemetry-instrumentation-annotations-2.5.0.jar;C:\Users\harsh\.m2\repository\io\opentelemetry\instrumentation\opentelemetry-instrumentation-annotations-support\2.5.0-alpha\opentelemetry-instrumentation-annotations-support-2.5.0-alpha.jar;C:\Users\harsh\.m2\repository\io\opentelemetry\semconv\opentelemetry-semconv-incubating\1.26.0-alpha\opentelemetry-semconv-incubating-1.26.0-alpha.jar;C:\Users\harsh\.m2\repository\io\opentelemetry\instrumentation\opentelemetry-instrumentation-api-incubator\2.5.0-alpha\opentelemetry-instrumentation-api-incubator-2.5.0-alpha.jar;C:\Users\harsh\.m2\repository\io\opentelemetry\opentelemetry-exporter-otlp-common\1.39.0\opentelemetry-exporter-otlp-common-1.39.0.jar;C:\Users\harsh\.m2\repository\io\opentelemetry\opentelemetry-exporter-common\1.39.0\opentelemetry-exporter-common-1.39.0.jar;C:\Users\harsh\.m2\repository\io\opentelemetry\opentelemetry-exporter-otlp\1.39.0\opentelemetry-exporter-otlp-1.39.0.jar;C:\Users\harsh\.m2\repository\io\opentelemetry\opentelemetry-exporter-sender-okhttp\1.39.0\opentelemetry-exporter-sender-okhttp-1.39.0.jar;C:\Users\harsh\.m2\repository\io\vertx\vertx-grpc-client\4.5.10\vertx-grpc-client-4.5.10.jar;C:\Users\harsh\.m2\repository\io\vertx\vertx-grpc-common\4.5.10\vertx-grpc-common-4.5.10.jar;C:\Users\harsh\.m2\repository\io\grpc\grpc-stub\1.65.1\grpc-stub-1.65.1.jar;C:\Users\harsh\.m2\repository\io\grpc\grpc-api\1.65.1\grpc-api-1.65.1.jar;"/>
    <property name="sun.cpu.endian" value="little"/>
    <property name="user.home" value="C:\Users\harsh"/>
    <property name="user.language" value="en"/>
    <property name="java.specification.vendor" value="Oracle Corporation"/>
    <property name="java.version.date" value="2024-10-15"/>
    <property name="java.home" value="C:\Program Files\Java\jdk-21"/>
    <property name="file.separator" value="\"/>
    <property name="basedir" value="D:\zblackcoffer project\New folder\keycloak\services"/>
    <property name="java.vm.compressedOopsMode" value="32-bit"/>
    <property name="line.separator" value="&#10;"/>
    <property name="java.vm.specification.vendor" value="Oracle Corporation"/>
    <property name="java.specification.name" value="Java Platform API Specification"/>
    <property name="org.jboss.security.xacml.schema.validation" value="false"/>
    <property name="java.awt.headless" value="true"/>
    <property name="javax.xml.validation.SchemaFactory:http://www.w3.org/2001/XMLSchema" value="org.apache.xerces.jaxp.validation.XMLSchemaFactory"/>
    <property name="surefire.real.class.path" value="C:\Users\harsh\AppData\Local\Temp\surefire1010162649871579037\surefirebooter-20241021173547230_59.jar"/>
    <property name="com.sun.org.apache.xml.internal.security.ignoreLineBreaks" value="true"/>
    <property name="org.apache.xml.security.ignoreLineBreaks" value="true"/>
    <property name="user.script" value=""/>
    <property name="sun.management.compiler" value="HotSpot 64-Bit Tiered Compilers"/>
    <property name="java.runtime.version" value="21.0.5+9-LTS-239"/>
    <property name="user.name" value="harsh"/>
    <property name="stdout.encoding" value="Cp1252"/>
    <property name="path.separator" value=";"/>
    <property name="os.version" value="10.0"/>
    <property name="java.runtime.name" value="Java(TM) SE Runtime Environment"/>
    <property name="file.encoding" value="UTF-8"/>
    <property name="java.vm.name" value="Java HotSpot(TM) 64-Bit Server VM"/>
    <property name="localRepository" value="C:\Users\harsh\.m2\repository"/>
    <property name="java.vendor.url.bug" value="https://bugreport.java.com/bugreport/"/>
    <property name="java.io.tmpdir" value="D:\zblackcoffer project\New folder\keycloak\services\target"/>
    <property name="java.version" value="21.0.5"/>
    <property name="user.dir" value="D:\zblackcoffer project\New folder\keycloak\services"/>
    <property name="os.arch" value="amd64"/>
    <property name="java.vm.specification.name" value="Java Virtual Machine Specification"/>
    <property name="sun.os.patch.level" value=""/>
    <property name="native.encoding" value="Cp1252"/>
    <property name="java.util.logging.manager" value="org.jboss.logmanager.LogManager"/>
    <property name="java.library.path" value="C:\Program Files\Java\jdk-21\bin;C:\WINDOWS\Sun\Java\bin;C:\WINDOWS\system32;C:\WINDOWS;C:\Program Files\Java\jdk-21\bin;C:\Program Files\Common Files\Oracle\Java\javapath;C:\Python311\Scripts\;C:\Python311\;C:\WINDOWS\system32;C:\WINDOWS;C:\WINDOWS\System32\Wbem;C:\WINDOWS\System32\WindowsPowerShell\v1.0\;C:\WINDOWS\System32\OpenSSH\;C:\ProgramData\chocolatey\bin;C:\Program Files\MongoDB\Server\6.0\bin;C:\MongoDB_shell\mongosh-1.10.3\bin;C:\Program Files\nodejs\;C:\Program Files\Git\cmd;C:\Users\harsh\AppData\Roaming\Python\Python311\Scripts;C:\Program Files\Docker\Docker\resources\bin;C:\php-8.2;C:\php-8.2.21;C:\ProgramData\ComposerSetup\bin;C:\mongosh\bin;C:\Program Files\MySQL\MySQL Shell 8.0\bin\;C:\Users\harsh\AppData\Local\Programs\Python\Python38\Scripts\;C:\Users\harsh\AppData\Local\Programs\Python\Python38\;C:\Users\harsh\AppData\Local\Microsoft\WindowsApps;C:\Users\harsh\AppData\Local\Programs\Microsoft VS Code\bin;C:\Users\harsh\AppData\Roaming\npm;C:\Users\harsh\AppData\Roaming\Composer\vendor\bin;C:\Users\harsh\.bun\bin;C:\Program Files (x86)\MongoDB Atlas CLI\;."/>
    <property name="java.vm.info" value="mixed mode, sharing"/>
    <property name="stderr.encoding" value="Cp1252"/>
    <property name="java.vendor" value="Oracle Corporation"/>
    <property name="java.vm.version" value="21.0.5+9-LTS-239"/>
    <property name="sun.io.unicode.encoding" value="UnicodeLittle"/>
    <property name="java.class.version" value="65.0"/>
  </properties>
  <testcase name="testLocalhostName" classname="org.keycloak.services.clientregistration.policy.impl.TrustedHostClientRegistrationPolicyTest" time="5.053">
    <system-err><![CDATA[Oct 21, 2024 5:35:59 PM org.keycloak.services.DefaultComponentFactoryProviderFactory postInit
WARN: No system-wide ClusterProviderFactory found. Cannot send messages across cluster, thus disabling caching of components. Consider setting cachingForced option in single-node deployment.
Oct 21, 2024 5:35:59 PM org.keycloak.broker.provider.AbstractIdentityProviderMapper registerConfigSyncEventListenerOnce
INFO: Registering class org.keycloak.broker.provider.mappersync.ConfigSyncEventListener
Oct 21, 2024 5:36:04 PM org.keycloak.services.clientregistration.policy.impl.TrustedHostClientRegistrationPolicy verifyHost
WARN: KC-SERVICES0101: Failed to verify remote host : 10.0.0.1
Oct 21, 2024 5:36:04 PM org.keycloak.services.clientregistration.policy.impl.TrustedHostClientRegistrationPolicy checkURLTrusted
WARN: KC-SERVICES0102: URL 'https://otherhost' doesn't match any trustedHost or trustedDomain
]]></system-err>
  </testcase>
  <testcase name="testGoogleCrawlBot" classname="org.keycloak.services.clientregistration.policy.impl.TrustedHostClientRegistrationPolicyTest" time="0.063">
    <system-err><![CDATA[Oct 21, 2024 5:36:04 PM org.keycloak.services.clientregistration.policy.impl.TrustedHostClientRegistrationPolicy checkURLTrusted
WARN: KC-SERVICES0102: URL 'https://www.othergooglebot.com' doesn't match any trustedHost or trustedDomain
]]></system-err>
  </testcase>
  <testcase name="testLocalhostIP" classname="org.keycloak.services.clientregistration.policy.impl.TrustedHostClientRegistrationPolicyTest" time="4.95">
    <system-err><![CDATA[Oct 21, 2024 5:36:09 PM org.keycloak.services.clientregistration.policy.impl.TrustedHostClientRegistrationPolicy verifyHost
WARN: KC-SERVICES0101: Failed to verify remote host : 10.0.0.1
Oct 21, 2024 5:36:09 PM org.keycloak.services.clientregistration.policy.impl.TrustedHostClientRegistrationPolicy checkURLTrusted
WARN: KC-SERVICES0102: URL 'https://localhost' doesn't match any trustedHost or trustedDomain
]]></system-err>
  </testcase>
  <testcase name="testLocalhostDomain" classname="org.keycloak.services.clientregistration.policy.impl.TrustedHostClientRegistrationPolicyTest" time="0.015">
    <error message="Host not trusted." type="org.keycloak.services.clientregistration.policy.ClientRegistrationPolicyException"><![CDATA[org.keycloak.services.clientregistration.policy.ClientRegistrationPolicyException: Host not trusted.
	at org.keycloak.services.clientregistration.policy.impl.TrustedHostClientRegistrationPolicy.verifyHost(TrustedHostClientRegistrationPolicy.java:122)
	at org.keycloak.services.clientregistration.policy.impl.TrustedHostClientRegistrationPolicyTest.testLocalhostDomain(TrustedHostClientRegistrationPolicyTest.java:67)
	at java.base/jdk.internal.reflect.DirectMethodHandleAccessor.invoke(DirectMethodHandleAccessor.java:103)
	at java.base/java.lang.reflect.Method.invoke(Method.java:580)
	at org.junit.runners.model.FrameworkMethod$1.runReflectiveCall(FrameworkMethod.java:59)
	at org.junit.internal.runners.model.ReflectiveCallable.run(ReflectiveCallable.java:12)
	at org.junit.runners.model.FrameworkMethod.invokeExplosively(FrameworkMethod.java:56)
	at org.junit.internal.runners.statements.InvokeMethod.evaluate(InvokeMethod.java:17)
	at org.junit.runners.ParentRunner$3.evaluate(ParentRunner.java:306)
	at org.junit.runners.BlockJUnit4ClassRunner$1.evaluate(BlockJUnit4ClassRunner.java:100)
	at org.junit.runners.ParentRunner.runLeaf(ParentRunner.java:366)
	at org.junit.runners.BlockJUnit4ClassRunner.runChild(BlockJUnit4ClassRunner.java:103)
	at org.junit.runners.BlockJUnit4ClassRunner.runChild(BlockJUnit4ClassRunner.java:63)
	at org.junit.runners.ParentRunner$4.run(ParentRunner.java:331)
	at org.junit.runners.ParentRunner$1.schedule(ParentRunner.java:79)
	at org.junit.runners.ParentRunner.runChildren(ParentRunner.java:329)
	at org.junit.runners.ParentRunner.access$100(ParentRunner.java:66)
	at org.junit.runners.ParentRunner$2.evaluate(ParentRunner.java:293)
	at org.junit.internal.runners.statements.RunBefores.evaluate(RunBefores.java:26)
	at org.junit.runners.ParentRunner$3.evaluate(ParentRunner.java:306)
	at org.junit.runners.ParentRunner.run(ParentRunner.java:413)
	at org.apache.maven.surefire.junit4.JUnit4Provider.execute(JUnit4Provider.java:377)
	at org.apache.maven.surefire.junit4.JUnit4Provider.executeWithRerun(JUnit4Provider.java:284)
	at org.apache.maven.surefire.junit4.JUnit4Provider.executeTestSet(JUnit4Provider.java:248)
	at org.apache.maven.surefire.junit4.JUnit4Provider.invoke(JUnit4Provider.java:167)
	at org.apache.maven.surefire.booter.ForkedBooter.runSuitesInProcess(ForkedBooter.java:456)
	at org.apache.maven.surefire.booter.ForkedBooter.execute(ForkedBooter.java:169)
	at org.apache.maven.surefire.booter.ForkedBooter.run(ForkedBooter.java:595)
	at org.apache.maven.surefire.booter.ForkedBooter.main(ForkedBooter.java:581)
]]></error>
    <system-err><![CDATA[Oct 21, 2024 5:36:09 PM org.keycloak.services.clientregistration.policy.impl.TrustedHostClientRegistrationPolicy verifyHost
WARN: KC-SERVICES0101: Failed to verify remote host : 127.0.0.1
]]></system-err>
  </testcase>
</testsuite>
